<?xml version="1.0" encoding="UTF-8"?>
<!-- Generated by org.testng.reporters.JUnitXMLReporter -->
<testsuite ignored="1" hostname="LAPTOP-2S8JFND3" failures="0" tests="10" name="Test" time="85.997" errors="0" timestamp="2024-04-07T19:13:28 IST">
  <testcase classname="testCases.ValidLogin" name="invalidLogin" time="3.439"/>
  <testcase classname="testCases.ValidLogin" name="login" time="4.849"/>
  <testcase classname="testCases.AddUnit" name="addUnit" time="13.665"/>
  <testcase classname="testCases.AddUnit" name="searchUnit" time="4.226"/>
  <testcase classname="testCases.AddUnit" name="addBrand" time="4.552"/>
  <testcase classname="testCases.AddUnit" name="searchBrand" time="4.298"/>
  <testcase classname="testCases.AddUnit" name="deleteBrand" time="6.252"/>
  <testcase classname="testCases.AddProduct" name="addProduct" time="25.801"/>
  <testcase classname="testCases.AddProduct" name="searchProduct" time="4.294"/>
  <testcase classname="testCases.AddProduct" name="deleteproduct" time="4.405"/>
  <testcase classname="testCases.AddUnit" name="addBrandwoValue" time="0.0">
    <ignored/>
  </testcase> <!-- addBrandwoValue -->
</testsuite> <!-- Test -->
