<?xml version="1.0" encoding="UTF-8"?>
<testng-results ignored="1" total="11" passed="10" failed="0" skipped="0">
  <reporter-output>
  </reporter-output>
  <suite started-at="2024-04-07T19:12:02 IST" name="Suite" finished-at="2024-04-07T19:13:28 IST" duration-ms="85997">
    <groups>
      <group name="login">
        <method signature="ValidLogin.invalidLogin(java.lang.String,java.lang.String)[pri:1, instance:testCases.ValidLogin@3527942a]" name="invalidLogin" class="testCases.ValidLogin"/>
        <method signature="ValidLogin.login()[pri:2, instance:testCases.ValidLogin@3527942a]" name="login" class="testCases.ValidLogin"/>
      </group> <!-- login -->
    </groups>
    <test started-at="2024-04-07T19:12:02 IST" name="Test" finished-at="2024-04-07T19:13:28 IST" duration-ms="85997">
      <class name="testCases.AddUnit">
        <test-method is-config="true" signature="BeforeTest()[pri:0, instance:testCases.AddUnit@5d534f5d]" started-at="2024-04-07T19:12:02 IST" name="BeforeTest" finished-at="2024-04-07T19:12:02 IST" duration-ms="0" status="PASS">
          <reporter-output>
          </reporter-output>
        </test-method> <!-- BeforeTest -->
        <test-method signature="addUnit()[pri:1, instance:testCases.AddUnit@5d534f5d]" started-at="2024-04-07T19:12:21 IST" name="addUnit" finished-at="2024-04-07T19:12:34 IST" duration-ms="13665" status="PASS">
          <reporter-output>
          </reporter-output>
        </test-method> <!-- addUnit -->
        <test-method signature="searchUnit()[pri:2, instance:testCases.AddUnit@5d534f5d]" started-at="2024-04-07T19:12:34 IST" name="searchUnit" finished-at="2024-04-07T19:12:38 IST" duration-ms="4226" status="PASS">
          <reporter-output>
          </reporter-output>
        </test-method> <!-- searchUnit -->
        <test-method signature="addBrand()[pri:3, instance:testCases.AddUnit@5d534f5d]" started-at="2024-04-07T19:12:38 IST" name="addBrand" finished-at="2024-04-07T19:12:43 IST" duration-ms="4552" status="PASS">
          <reporter-output>
          </reporter-output>
        </test-method> <!-- addBrand -->
        <test-method signature="searchBrand()[pri:4, instance:testCases.AddUnit@5d534f5d]" started-at="2024-04-07T19:12:43 IST" name="searchBrand" finished-at="2024-04-07T19:12:47 IST" duration-ms="4298" status="PASS">
          <reporter-output>
          </reporter-output>
        </test-method> <!-- searchBrand -->
        <test-method signature="deleteBrand()[pri:5, instance:testCases.AddUnit@5d534f5d]" started-at="2024-04-07T19:12:47 IST" name="deleteBrand" finished-at="2024-04-07T19:12:54 IST" duration-ms="6252" status="PASS">
          <reporter-output>
          </reporter-output>
        </test-method> <!-- deleteBrand -->
      </class> <!-- testCases.AddUnit -->
      <class name="testCases.ValidLogin">
        <test-method is-config="true" signature="extendreportgenerate()[pri:0, instance:testCases.ValidLogin@3527942a]" started-at="2024-04-07T19:12:02 IST" name="extendreportgenerate" finished-at="2024-04-07T19:12:02 IST" duration-ms="251" status="PASS">
          <reporter-output>
          </reporter-output>
        </test-method> <!-- extendreportgenerate -->
        <test-method is-config="true" signature="beforeTest(java.lang.String,java.lang.String)[pri:0, instance:testCases.ValidLogin@3527942a]" started-at="2024-04-07T19:12:02 IST" name="beforeTest" finished-at="2024-04-07T19:12:12 IST" duration-ms="10133" status="PASS">
          <params>
            <param index="0">
              <value>
                <![CDATA[Chrome]]>
              </value>
            </param>
            <param index="1">
              <value>
                <![CDATA[https://qalegend.com/billing/public/login]]>
              </value>
            </param>
          </params>
          <reporter-output>
          </reporter-output>
        </test-method> <!-- beforeTest -->
        <test-method signature="invalidLogin(java.lang.String,java.lang.String)[pri:1, instance:testCases.ValidLogin@3527942a]" started-at="2024-04-07T19:12:12 IST" name="invalidLogin" data-provider="data-provider" finished-at="2024-04-07T19:12:16 IST" duration-ms="3439" status="PASS">
          <params>
            <param index="0">
              <value>
                <![CDATA[admin11]]>
              </value>
            </param>
            <param index="1">
              <value>
                <![CDATA[123456]]>
              </value>
            </param>
          </params>
          <reporter-output>
          </reporter-output>
        </test-method> <!-- invalidLogin -->
        <test-method signature="login()[pri:2, instance:testCases.ValidLogin@3527942a]" started-at="2024-04-07T19:12:16 IST" name="login" finished-at="2024-04-07T19:12:21 IST" duration-ms="4849" status="PASS">
          <reporter-output>
          </reporter-output>
        </test-method> <!-- login -->
        <test-method is-config="true" signature="afterTest()[pri:0, instance:testCases.ValidLogin@3527942a]" started-at="2024-04-07T19:13:28 IST" name="afterTest" finished-at="2024-04-07T19:13:28 IST" duration-ms="0" status="PASS">
          <reporter-output>
          </reporter-output>
        </test-method> <!-- afterTest -->
        <test-method is-config="true" signature="closereport()[pri:0, instance:testCases.ValidLogin@3527942a]" started-at="2024-04-07T19:13:28 IST" name="closereport" finished-at="2024-04-07T19:13:29 IST" duration-ms="882" status="PASS">
          <reporter-output>
          </reporter-output>
        </test-method> <!-- closereport -->
      </class> <!-- testCases.ValidLogin -->
      <class name="testCases.AddProduct">
        <test-method is-config="true" signature="beforeTest()[pri:0, instance:testCases.AddProduct@2e3967ea]" started-at="2024-04-07T19:12:02 IST" name="beforeTest" finished-at="2024-04-07T19:12:02 IST" duration-ms="1" status="PASS">
          <reporter-output>
          </reporter-output>
        </test-method> <!-- beforeTest -->
        <test-method is-config="true" signature="beforeClass()[pri:0, instance:testCases.AddProduct@2e3967ea]" started-at="2024-04-07T19:12:54 IST" name="beforeClass" finished-at="2024-04-07T19:12:54 IST" duration-ms="0" status="PASS">
          <reporter-output>
          </reporter-output>
        </test-method> <!-- beforeClass -->
        <test-method signature="addProduct()[pri:1, instance:testCases.AddProduct@2e3967ea]" started-at="2024-04-07T19:12:54 IST" name="addProduct" finished-at="2024-04-07T19:13:19 IST" duration-ms="25801" status="PASS">
          <reporter-output>
          </reporter-output>
        </test-method> <!-- addProduct -->
        <test-method signature="searchProduct()[pri:2, instance:testCases.AddProduct@2e3967ea]" started-at="2024-04-07T19:13:19 IST" name="searchProduct" finished-at="2024-04-07T19:13:24 IST" duration-ms="4294" status="PASS">
          <reporter-output>
          </reporter-output>
        </test-method> <!-- searchProduct -->
        <test-method signature="deleteproduct()[pri:3, instance:testCases.AddProduct@2e3967ea]" started-at="2024-04-07T19:13:24 IST" name="deleteproduct" finished-at="2024-04-07T19:13:28 IST" duration-ms="4405" status="PASS">
          <reporter-output>
          </reporter-output>
        </test-method> <!-- deleteproduct -->
        <test-method is-config="true" signature="afterClass()[pri:0, instance:testCases.AddProduct@2e3967ea]" started-at="2024-04-07T19:13:28 IST" name="afterClass" finished-at="2024-04-07T19:13:28 IST" duration-ms="2" status="PASS">
          <reporter-output>
          </reporter-output>
        </test-method> <!-- afterClass -->
      </class> <!-- testCases.AddProduct -->
    </test> <!-- Test -->
  </suite> <!-- Suite -->
</testng-results>
